{"__type":"$$EventMessageWorkflow","id":"465d6c6f-d343-4056-8ce6-cb47d7fc07ef","ts":"2025-06-01T19:46:58.320+00:00","eventName":"n8n.workflow.started","message":"n8n.workflow.started","payload":{"executionId":"6","workflowId":"nNHI0GdZ32hPEBmY","isManual":false,"workflowName":"demo_frameworks"}}
{"__type":"$$EventMessageConfirm","confirm":"465d6c6f-d343-4056-8ce6-cb47d7fc07ef","ts":"2025-06-01T19:46:58.321+00:00","source":{"id":"0","name":"eventBus"}}
{"__type":"$$EventMessageNode","id":"d28c70fe-af3b-4c01-b48c-eb6f2ef57f5e","ts":"2025-06-01T19:46:58.325+00:00","eventName":"n8n.node.started","message":"n8n.node.started","payload":{"workflowId":"nNHI0GdZ32hPEBmY","workflowName":"demo_frameworks","executionId":"6","nodeType":"n8n-nodes-base.manualTrigger","nodeName":"When clicking ‘Test workflow’"}}
{"__type":"$$EventMessageConfirm","confirm":"d28c70fe-af3b-4c01-b48c-eb6f2ef57f5e","ts":"2025-06-01T19:46:58.325+00:00","source":{"id":"0","name":"eventBus"}}
{"__type":"$$EventMessageNode","id":"cfdd63a4-6538-423d-b664-740dbce0f74d","ts":"2025-06-01T19:46:58.331+00:00","eventName":"n8n.node.finished","message":"n8n.node.finished","payload":{"workflowId":"nNHI0GdZ32hPEBmY","workflowName":"demo_frameworks","executionId":"6","nodeType":"n8n-nodes-base.manualTrigger","nodeName":"When clicking ‘Test workflow’"}}
{"__type":"$$EventMessageConfirm","confirm":"cfdd63a4-6538-423d-b664-740dbce0f74d","ts":"2025-06-01T19:46:58.331+00:00","source":{"id":"0","name":"eventBus"}}
{"__type":"$$EventMessageNode","id":"da83cda4-966f-4d79-b878-43299b926180","ts":"2025-06-01T19:46:58.333+00:00","eventName":"n8n.node.started","message":"n8n.node.started","payload":{"workflowId":"nNHI0GdZ32hPEBmY","workflowName":"demo_frameworks","executionId":"6","nodeType":"n8n-nodes-base.httpRequest","nodeName":"HTTP Request"}}
{"__type":"$$EventMessageConfirm","confirm":"da83cda4-966f-4d79-b878-43299b926180","ts":"2025-06-01T19:46:58.333+00:00","source":{"id":"0","name":"eventBus"}}
{"__type":"$$EventMessageNode","id":"ddcc354f-22cd-4b27-8bf2-621aed754920","ts":"2025-06-01T19:46:58.859+00:00","eventName":"n8n.node.finished","message":"n8n.node.finished","payload":{"workflowId":"nNHI0GdZ32hPEBmY","workflowName":"demo_frameworks","executionId":"6","nodeType":"n8n-nodes-base.httpRequest","nodeName":"HTTP Request"}}
{"__type":"$$EventMessageConfirm","confirm":"ddcc354f-22cd-4b27-8bf2-621aed754920","ts":"2025-06-01T19:46:58.859+00:00","source":{"id":"0","name":"eventBus"}}
{"__type":"$$EventMessageNode","id":"271100df-be55-41a6-a1d2-6f50d8d1124a","ts":"2025-06-01T19:46:58.861+00:00","eventName":"n8n.node.started","message":"n8n.node.started","payload":{"workflowId":"nNHI0GdZ32hPEBmY","workflowName":"demo_frameworks","executionId":"6","nodeType":"n8n-nodes-base.code","nodeName":"Code"}}
{"__type":"$$EventMessageConfirm","confirm":"271100df-be55-41a6-a1d2-6f50d8d1124a","ts":"2025-06-01T19:46:58.861+00:00","source":{"id":"0","name":"eventBus"}}
{"__type":"$$EventMessageNode","id":"cdc7cdc6-af72-4978-a9fa-ce49dc7fe06d","ts":"2025-06-01T15:46:58.913-04:00","eventName":"n8n.node.finished","message":"n8n.node.finished","payload":{"workflowId":"nNHI0GdZ32hPEBmY","workflowName":"demo_frameworks","executionId":"6","nodeType":"n8n-nodes-base.code","nodeName":"Code"}}
{"__type":"$$EventMessageConfirm","confirm":"cdc7cdc6-af72-4978-a9fa-ce49dc7fe06d","ts":"2025-06-01T15:46:58.913-04:00","source":{"id":"0","name":"eventBus"}}
{"__type":"$$EventMessageNode","id":"813b5b8b-4ed6-4ccb-9649-873146ec8002","ts":"2025-06-01T15:46:58.914-04:00","eventName":"n8n.node.started","message":"n8n.node.started","payload":{"workflowId":"nNHI0GdZ32hPEBmY","workflowName":"demo_frameworks","executionId":"6","nodeType":"n8n-nodes-base.emailSend","nodeName":"Send Email"}}
{"__type":"$$EventMessageConfirm","confirm":"813b5b8b-4ed6-4ccb-9649-873146ec8002","ts":"2025-06-01T15:46:58.914-04:00","source":{"id":"0","name":"eventBus"}}
{"__type":"$$EventMessageNode","id":"496bec50-645d-4b9c-a5a3-3bf7b0abcaf5","ts":"2025-06-01T15:47:01.641-04:00","eventName":"n8n.node.finished","message":"n8n.node.finished","payload":{"workflowId":"nNHI0GdZ32hPEBmY","workflowName":"demo_frameworks","executionId":"6","nodeType":"n8n-nodes-base.emailSend","nodeName":"Send Email"}}
{"__type":"$$EventMessageConfirm","confirm":"496bec50-645d-4b9c-a5a3-3bf7b0abcaf5","ts":"2025-06-01T15:47:01.642-04:00","source":{"id":"0","name":"eventBus"}}
{"__type":"$$EventMessageWorkflow","id":"de628b57-e62d-4454-a188-4a10719326f5","ts":"2025-06-01T15:47:01.653-04:00","eventName":"n8n.workflow.success","message":"n8n.workflow.success","payload":{"executionId":"6","userId":"1bb988c8-0a01-461f-beb7-4399736db718","success":true,"isManual":true,"workflowId":"nNHI0GdZ32hPEBmY","workflowName":"demo_frameworks"}}
{"__type":"$$EventMessageConfirm","confirm":"de628b57-e62d-4454-a188-4a10719326f5","ts":"2025-06-01T15:47:01.653-04:00","source":{"id":"0","name":"eventBus"}}
